<?xml version="1.0" encoding="UTF-8"?>
<!-- Generated by org.testng.reporters.JUnitXMLReporter -->
<testsuite ignored="0" hostname="DESKTOP-25F6ABB" failures="0" tests="17" name="MyStore_Testcases" time="180.352" errors="0" timestamp="2022-03-28T14:23:15 EDT">
  <testcase classname="com.MyStore.qa.testcases.LoginPageTest" name="EmailLabelTest" time="0.034"/>
  <testcase classname="com.MyStore.qa.testcases.LoginPageTest" name="Link_forgotpasswd_test" time="1.267"/>
  <testcase classname="com.MyStore.qa.testcases.LoginPageTest" name="LoginWIth_ValidEmail_EmptyPasswd" time="0.733"/>
  <testcase classname="com.MyStore.qa.testcases.LoginPageTest" name="LoginWithValidCredentialTest" time="1.873"/>
  <testcase classname="com.MyStore.qa.testcases.LoginPageTest" name="LoginWith_EmptyEmail_EmptyPassswd" time="1.012"/>
  <testcase classname="com.MyStore.qa.testcases.LoginPageTest" name="LoginWith_EmptyEmail_InvalidPasswd" time="0.766"/>
  <testcase classname="com.MyStore.qa.testcases.LoginPageTest" name="LoginWith_EmptyEmail_ValidPasswd" time="1.584"/>
  <testcase classname="com.MyStore.qa.testcases.LoginPageTest" name="LoginWith_Enterbtn_test" time="12.123"/>
  <testcase classname="com.MyStore.qa.testcases.LoginPageTest" name="LoginWith_InvalidEmail_EmptyPasswd" time="2.741"/>
  <testcase classname="com.MyStore.qa.testcases.LoginPageTest" name="LoginWith_InvalidEmail_InvalidPasswd" time="1.36"/>
  <testcase classname="com.MyStore.qa.testcases.LoginPageTest" name="LoginWith_InvalidEmail_ValidPasswd" time="2.314"/>
  <testcase classname="com.MyStore.qa.testcases.LoginPageTest" name="LoginWith_ValidCredentialinCAPS" time="6.5"/>
  <testcase classname="com.MyStore.qa.testcases.LoginPageTest" name="LoginWith_ValidEmail_InvalidPasswd" time="8.029"/>
  <testcase classname="com.MyStore.qa.testcases.LoginPageTest" name="PasswdLabelTest" time="0.026"/>
  <testcase classname="com.MyStore.qa.testcases.LoginPageTest" name="SubheadingTest" time="0.023"/>
  <testcase classname="com.MyStore.qa.testcases.LoginPageTest" name="signinbtn_enabled_test" time="0.018"/>
  <testcase classname="com.MyStore.qa.testcases.LoginPageTest" name="PageheadingTest" time="0.021"/>
</testsuite> <!-- MyStore_Testcases -->
