<?xml version="1.0" encoding="UTF-8"?>
<!-- Generated by org.testng.reporters.JUnitXMLReporter -->
<testsuite ignored="16" hostname="DESKTOP-25F6ABB" failures="0" tests="1" name="Default test" time="11.784" errors="0" timestamp="2022-03-28T13:33:32 EDT">
  <testcase classname="com.MyStore.qa.testcases.LoginPageTest" name="LoginWith_ValidCredentialinCAPS" time="1.291"/>
  <testcase classname="com.MyStore.qa.testcases.LoginPageTest" name="EmailLabelTest" time="0.0">
    <ignored/>
  </testcase> <!-- EmailLabelTest -->
  <testcase classname="com.MyStore.qa.testcases.LoginPageTest" name="LoginWith_InvalidEmail_InvalidPasswd" time="0.0">
    <ignored/>
  </testcase> <!-- LoginWith_InvalidEmail_InvalidPasswd -->
  <testcase classname="com.MyStore.qa.testcases.LoginPageTest" name="Link_forgotpasswd_test" time="0.0">
    <ignored/>
  </testcase> <!-- Link_forgotpasswd_test -->
  <testcase classname="com.MyStore.qa.testcases.LoginPageTest" name="LoginWith_InvalidEmail_ValidPasswd" time="0.0">
    <ignored/>
  </testcase> <!-- LoginWith_InvalidEmail_ValidPasswd -->
  <testcase classname="com.MyStore.qa.testcases.LoginPageTest" name="LoginWith_EmptyEmail_EmptyPassswd" time="0.0">
    <ignored/>
  </testcase> <!-- LoginWith_EmptyEmail_EmptyPassswd -->
  <testcase classname="com.MyStore.qa.testcases.LoginPageTest" name="LoginWith_EmptyEmail_ValidPasswd" time="0.0">
    <ignored/>
  </testcase> <!-- LoginWith_EmptyEmail_ValidPasswd -->
  <testcase classname="com.MyStore.qa.testcases.LoginPageTest" name="signinbtn_enabled_test" time="0.0">
    <ignored/>
  </testcase> <!-- signinbtn_enabled_test -->
  <testcase classname="com.MyStore.qa.testcases.LoginPageTest" name="LoginWIth_ValidEmail_EmptyPasswd" time="0.0">
    <ignored/>
  </testcase> <!-- LoginWIth_ValidEmail_EmptyPasswd -->
  <testcase classname="com.MyStore.qa.testcases.LoginPageTest" name="SubheadingTest" time="0.0">
    <ignored/>
  </testcase> <!-- SubheadingTest -->
  <testcase classname="com.MyStore.qa.testcases.LoginPageTest" name="LoginWith_InvalidEmail_EmptyPasswd" time="0.0">
    <ignored/>
  </testcase> <!-- LoginWith_InvalidEmail_EmptyPasswd -->
  <testcase classname="com.MyStore.qa.testcases.LoginPageTest" name="PageheadingTest" time="0.0">
    <ignored/>
  </testcase> <!-- PageheadingTest -->
  <testcase classname="com.MyStore.qa.testcases.LoginPageTest" name="LoginWith_ValidEmail_InvalidPasswd" time="0.0">
    <ignored/>
  </testcase> <!-- LoginWith_ValidEmail_InvalidPasswd -->
  <testcase classname="com.MyStore.qa.testcases.LoginPageTest" name="PasswdLabelTest" time="0.0">
    <ignored/>
  </testcase> <!-- PasswdLabelTest -->
  <testcase classname="com.MyStore.qa.testcases.LoginPageTest" name="LoginWith_EmptyEmail_InvalidPasswd" time="0.0">
    <ignored/>
  </testcase> <!-- LoginWith_EmptyEmail_InvalidPasswd -->
  <testcase classname="com.MyStore.qa.testcases.LoginPageTest" name="LoginWith_Enterbtn_test" time="0.0">
    <ignored/>
  </testcase> <!-- LoginWith_Enterbtn_test -->
  <testcase classname="com.MyStore.qa.testcases.LoginPageTest" name="LoginWithValidCredentialTest" time="0.0">
    <ignored/>
  </testcase> <!-- LoginWithValidCredentialTest -->
</testsuite> <!-- Default test -->
